<?xml version="1.0" encoding="UTF-8"?>
<!-- Generated by org.testng.reporters.JUnitXMLReporter -->
<testsuite hostname="LAPTOP-7PGIPD6C" ignored="0" name="Default test" tests="6" failures="0" timestamp="29 Aug 2020 14:56:04 GMT" time="0.073" errors="0">
  <testcase name="IOSApps" time="0.013" classname="Mavenjob.Mavenjob.AppiumTest"/>
  <testcase name="nativeAppAndroid" time="0.002" classname="Mavenjob.Mavenjob.AppiumTest"/>
  <testcase name="deleteTwitter" time="0.002" classname="Mavenjob.Mavenjob.RestAPiTest"/>
  <testcase name="postJira" time="0.002" classname="Mavenjob.Mavenjob.RestAPiTest"/>
  <testcase name="BrowserAutomation" time="0.002" classname="Mavenjob.Mavenjob.SeleniumTest"/>
  <testcase name="elementsUi" time="0.002" classname="Mavenjob.Mavenjob.SeleniumTest"/>
</testsuite> <!-- Default test -->
