<?xml version="1.0" encoding="UTF-8"?>
<!-- Generated by org.testng.reporters.JUnitXMLReporter -->
<testsuite hostname="LAPTOP-7PGIPD6C" ignored="0" name="testng" tests="6" failures="0" timestamp="29 Aug 2020 14:57:31 GMT" time="0.1" errors="0">
  <testcase name="BrowserAutomation" time="0.012" classname="Mavenjob.Mavenjob.SeleniumTest"/>
  <testcase name="elementsUi" time="0.002" classname="Mavenjob.Mavenjob.SeleniumTest"/>
  <testcase name="IOSApps" time="0.003" classname="Mavenjob.Mavenjob.AppiumTest"/>
  <testcase name="nativeAppAndroid" time="0.002" classname="Mavenjob.Mavenjob.AppiumTest"/>
  <testcase name="deleteTwitter" time="0.004" classname="Mavenjob.Mavenjob.RestAPiTest"/>
  <testcase name="postJira" time="0.005" classname="Mavenjob.Mavenjob.RestAPiTest"/>
</testsuite> <!-- testng -->
